<?xml version="1.0" encoding="UTF-8"?>
<testng-results ignored="0" total="3" passed="3" failed="0" skipped="0">
  <reporter-output>
  </reporter-output>
  <suite started-at="2022-10-02T12:36:23 IST" name="Default suite" finished-at="2022-10-02T12:36:23 IST" duration-ms="96">
    <groups>
    </groups>
    <test started-at="2022-10-02T12:36:23 IST" name="Default test" finished-at="2022-10-02T12:36:23 IST" duration-ms="96">
      <class name="loanapplications.PersonalLoanApplicationTests">
        <test-method signature="PersonalLoanLoginAPI()[pri:0, instance:loanapplications.PersonalLoanApplicationTests@61d6015a]" started-at="2022-10-02T12:36:23 IST" name="PersonalLoanLoginAPI" finished-at="2022-10-02T12:36:23 IST" duration-ms="15" status="PASS">
          <reporter-output>
          </reporter-output>
        </test-method> <!-- PersonalLoanLoginAPI -->
        <test-method signature="PersonalLoanLoginMobile()[pri:0, instance:loanapplications.PersonalLoanApplicationTests@61d6015a]" started-at="2022-10-02T12:36:23 IST" name="PersonalLoanLoginMobile" finished-at="2022-10-02T12:36:23 IST" duration-ms="4" status="PASS">
          <reporter-output>
          </reporter-output>
        </test-method> <!-- PersonalLoanLoginMobile -->
        <test-method signature="PersonalLoanLoginWeb()[pri:0, instance:loanapplications.PersonalLoanApplicationTests@61d6015a]" started-at="2022-10-02T12:36:23 IST" name="PersonalLoanLoginWeb" finished-at="2022-10-02T12:36:23 IST" duration-ms="2" status="PASS">
          <reporter-output>
          </reporter-output>
        </test-method> <!-- PersonalLoanLoginWeb -->
      </class> <!-- loanapplications.PersonalLoanApplicationTests -->
    </test> <!-- Default test -->
  </suite> <!-- Default suite -->
</testng-results>
