<?xml version="1.0" encoding="UTF-8"?>
<!-- Generated by org.testng.reporters.JUnitXMLReporter -->
<testsuite ignored="0" hostname="DESKTOP-TQ7CKSA" failures="0" tests="3" name="Default test" time="0.096" errors="0" timestamp="2022-10-02T12:36:23 IST">
  <testcase classname="loanapplications.PersonalLoanApplicationTests" name="PersonalLoanLoginAPI" time="0.015"/>
  <testcase classname="loanapplications.PersonalLoanApplicationTests" name="PersonalLoanLoginMobile" time="0.004"/>
  <testcase classname="loanapplications.PersonalLoanApplicationTests" name="PersonalLoanLoginWeb" time="0.002"/>
</testsuite> <!-- Default test -->
